# JRE version: Java(TM) SE Runtime Environment (17.0.12+8) (build 17.0.12+8-LTS-286)
# Java VM: Java HotSpot(TM) 64-Bit Server VM (17.0.12+8-LTS-286, mixed mode, sharing, tiered, compressed oops, compressed class ptrs, g1 gc, windows-amd64)
GC Precious Log:
 CPUs: 2 total, 2 available
 Memory: 3518M
 Large Page Support: Disabled
 NUMA Support: Disabled
 Compressed Oops: Enabled (32-bit)
 Heap Region Size: 1M
 Heap Min Capacity: 8M
 Heap Initial Capacity: 56M
 Heap Max Capacity: 880M
 Pre-touch: Disabled
 Parallel Workers: 2
 Concurrent Workers: 1
 Concurrent Refinement Workers: 2
 Periodic GC: Disabled
Heap:
 garbage-first heap   total 57344K, used 5490K [0x00000000c9000000, 0x0000000100000000)
  region size 1024K, 5 young (5120K), 4 survivors (4096K)
 Metaspace       used 9900K, committed 10048K, reserved 1114112K
  class space    used 1195K, committed 1280K, reserved 1048576K
GC Heap History (8 events):
Event: 2.520 GC heap before
{Heap before GC invocations=0 (full 0):
 garbage-first heap   total 57344K, used 6144K [0x00000000c9000000, 0x0000000100000000)
  region size 1024K, 6 young (6144K), 0 survivors (0K)
 Metaspace       used 2049K, committed 2176K, reserved 1114112K
  class space    used 187K, committed 256K, reserved 1048576K
}
Event: 2.547 GC heap after
{Heap after GC invocations=1 (full 0):
 garbage-first heap   total 57344K, used 2276K [0x00000000c9000000, 0x0000000100000000)
  region size 1024K, 1 young (1024K), 1 survivors (1024K)
 Metaspace       used 2049K, committed 2176K, reserved 1114112K
  class space    used 187K, committed 256K, reserved 1048576K
}
Event: 3.639 GC heap before
{Heap before GC invocations=1 (full 0):
 garbage-first heap   total 57344K, used 5348K [0x00000000c9000000, 0x0000000100000000)
  region size 1024K, 5 young (5120K), 1 survivors (1024K)
 Metaspace       used 3122K, committed 3328K, reserved 1114112K
  class space    used 287K, committed 384K, reserved 1048576K
}
Event: 3.643 GC heap after
{Heap after GC invocations=2 (full 0):
 garbage-first heap   total 57344K, used 3307K [0x00000000c9000000, 0x0000000100000000)
  region size 1024K, 1 young (1024K), 1 survivors (1024K)
 Metaspace       used 3122K, committed 3328K, reserved 1114112K
  class space    used 287K, committed 384K, reserved 1048576K
}
Event: 6.100 GC heap before
{Heap before GC invocations=2 (full 0):
 garbage-first heap   total 57344K, used 13547K [0x00000000c9000000, 0x0000000100000000)
  region size 1024K, 11 young (11264K), 1 survivors (1024K)
 Metaspace       used 5539K, committed 5760K, reserved 1114112K
  class space    used 623K, committed 704K, reserved 1048576K
}
Event: 6.104 GC heap after
{Heap after GC invocations=3 (full 0):
 garbage-first heap   total 57344K, used 3956K [0x00000000c9000000, 0x0000000100000000)
  region size 1024K, 2 young (2048K), 2 survivors (2048K)
 Metaspace       used 5539K, committed 5760K, reserved 1114112K
  class space    used 623K, committed 704K, reserved 1048576K
}
Event: 8.392 GC heap before
{Heap before GC invocations=3 (full 0):
 garbage-first heap   total 57344K, used 35700K [0x00000000c9000000, 0x0000000100000000)
  region size 1024K, 33 young (33792K), 2 survivors (2048K)
 Metaspace       used 9863K, committed 10048K, reserved 1114112K
  class space    used 1189K, committed 1280K, reserved 1048576K
}
Event: 8.401 GC heap after
{Heap after GC invocations=4 (full 0):
 garbage-first heap   total 57344K, used 5490K [0x00000000c9000000, 0x0000000100000000)
  region size 1024K, 4 young (4096K), 4 survivors (4096K)
 Metaspace       used 9863K, committed 10048K, reserved 1114112K
  class space    used 1189K, committed 1280K, reserved 1048576K
}

