# JRE version: Java(TM) SE Runtime Environment (17.0.12+8) (build 17.0.12+8-LTS-286)
# Java VM: Java HotSpot(TM) 64-Bit Server VM (17.0.12+8-LTS-286, mixed mode, sharing, tiered, compressed oops, compressed class ptrs, g1 gc, windows-amd64)
GC Precious Log:
 CPUs: 2 total, 2 available
 Memory: 3518M
 Large Page Support: Disabled
 NUMA Support: Disabled
 Compressed Oops: Enabled (32-bit)
 Heap Region Size: 1M
 Heap Min Capacity: 8M
 Heap Initial Capacity: 56M
 Heap Max Capacity: 880M
 Pre-touch: Disabled
 Parallel Workers: 2
 Concurrent Workers: 1
 Concurrent Refinement Workers: 2
 Periodic GC: Disabled
Heap:
 garbage-first heap   total 57344K, used 29646K [0x00000000c9000000, 0x0000000100000000)
  region size 1024K, 21 young (21504K), 3 survivors (3072K)
 Metaspace       used 14157K, committed 14464K, reserved 1114112K
  class space    used 1595K, committed 1728K, reserved 1048576K
GC Heap History (12 events):
Event: 0.980 GC heap before
{Heap before GC invocations=0 (full 0):
 garbage-first heap   total 57344K, used 6144K [0x00000000c9000000, 0x0000000100000000)
  region size 1024K, 6 young (6144K), 0 survivors (0K)
 Metaspace       used 2040K, committed 2176K, reserved 1114112K
  class space    used 187K, committed 256K, reserved 1048576K
}
Event: 0.985 GC heap after
{Heap after GC invocations=1 (full 0):
 garbage-first heap   total 57344K, used 2289K [0x00000000c9000000, 0x0000000100000000)
  region size 1024K, 1 young (1024K), 1 survivors (1024K)
 Metaspace       used 2040K, committed 2176K, reserved 1114112K
  class space    used 187K, committed 256K, reserved 1048576K
}
Event: 1.281 GC heap before
{Heap before GC invocations=1 (full 0):
 garbage-first heap   total 57344K, used 6385K [0x00000000c9000000, 0x0000000100000000)
  region size 1024K, 5 young (5120K), 1 survivors (1024K)
 Metaspace       used 3125K, committed 3328K, reserved 1114112K
  class space    used 288K, committed 384K, reserved 1048576K
}
Event: 1.283 GC heap after
{Heap after GC invocations=2 (full 0):
 garbage-first heap   total 57344K, used 3205K [0x00000000c9000000, 0x0000000100000000)
  region size 1024K, 1 young (1024K), 1 survivors (1024K)
 Metaspace       used 3125K, committed 3328K, reserved 1114112K
  class space    used 288K, committed 384K, reserved 1048576K
}
Event: 1.926 GC heap before
{Heap before GC invocations=2 (full 0):
 garbage-first heap   total 57344K, used 13445K [0x00000000c9000000, 0x0000000100000000)
  region size 1024K, 11 young (11264K), 1 survivors (1024K)
 Metaspace       used 5546K, committed 5760K, reserved 1114112K
  class space    used 623K, committed 704K, reserved 1048576K
}
Event: 1.929 GC heap after
{Heap after GC invocations=3 (full 0):
 garbage-first heap   total 57344K, used 3766K [0x00000000c9000000, 0x0000000100000000)
  region size 1024K, 2 young (2048K), 2 survivors (2048K)
 Metaspace       used 5546K, committed 5760K, reserved 1114112K
  class space    used 623K, committed 704K, reserved 1048576K
}
Event: 3.101 GC heap before
{Heap before GC invocations=3 (full 0):
 garbage-first heap   total 57344K, used 35510K [0x00000000c9000000, 0x0000000100000000)
  region size 1024K, 33 young (33792K), 2 survivors (2048K)
 Metaspace       used 9856K, committed 10048K, reserved 1114112K
  class space    used 1187K, committed 1280K, reserved 1048576K
}
Event: 3.112 GC heap after
{Heap after GC invocations=4 (full 0):
 garbage-first heap   total 57344K, used 5253K [0x00000000c9000000, 0x0000000100000000)
  region size 1024K, 3 young (3072K), 3 survivors (3072K)
 Metaspace       used 9856K, committed 10048K, reserved 1114112K
  class space    used 1187K, committed 1280K, reserved 1048576K
}
Event: 5.737 GC heap before
{Heap before GC invocations=4 (full 0):
 garbage-first heap   total 57344K, used 35973K [0x00000000c9000000, 0x0000000100000000)
  region size 1024K, 33 young (33792K), 3 survivors (3072K)
 Metaspace       used 12700K, committed 12928K, reserved 1114112K
  class space    used 1477K, committed 1600K, reserved 1048576K
}
Event: 5.765 GC heap after
{Heap after GC invocations=5 (full 0):
 garbage-first heap   total 57344K, used 9013K [0x00000000c9000000, 0x0000000100000000)
  region size 1024K, 5 young (5120K), 5 survivors (5120K)
 Metaspace       used 12700K, committed 12928K, reserved 1114112K
  class space    used 1477K, committed 1600K, reserved 1048576K
}
Event: 9.430 GC heap before
{Heap before GC invocations=5 (full 0):
 garbage-first heap   total 57344K, used 37685K [0x00000000c9000000, 0x0000000100000000)
  region size 1024K, 33 young (33792K), 5 survivors (5120K)
 Metaspace       used 13277K, committed 13440K, reserved 1114112K
  class space    used 1509K, committed 1600K, reserved 1048576K
}
Event: 9.443 GC heap after
{Heap after GC invocations=6 (full 0):
 garbage-first heap   total 57344K, used 12238K [0x00000000c9000000, 0x0000000100000000)
  region size 1024K, 3 young (3072K), 3 survivors (3072K)
 Metaspace       used 13277K, committed 13440K, reserved 1114112K
  class space    used 1509K, committed 1600K, reserved 1048576K
}

